nohup: ignoring input
Failed to open file: lib_expr2cost.json
[i] processing adder
size_before = 1020, depth_before = 255
size_after = 516, depth_after = 130
size_after_post_rw = 514, depth_after_post_rw = 130
size_after_post_resub = 515, depth_after_post_resub = 130
[i] processing bar
size_before = 3336, depth_before = 12
size_after = 3141, depth_after = 12
size_after_post_rw = 2981, depth_after_post_rw = 13
size_after_post_resub = 3007, depth_after_post_resub = 13
[i] processing div
size_before = 57247, depth_before = 4372
size_after = 26225, depth_after = 2194
size_after_post_rw = 24575, depth_after_post_rw = 2185
size_after_post_resub = 25955, depth_after_post_resub = 2182
[i] processing hyp
size_before = 214335, depth_before = 24801
size_after = 140037, depth_after = 8923
size_after_post_rw = 129116, depth_after_post_rw = 8950
size_after_post_resub = 133608, depth_after_post_resub = 13891
[i] processing log2
size_before = 32060, depth_before = 444
size_after = 27676, depth_after = 243
size_after_post_rw = 25282, depth_after_post_rw = 226
size_after_post_resub = 26461, depth_after_post_resub = 265
[i] processing max
size_before = 2865, depth_before = 287
size_after = 2444, depth_after = 133
size_after_post_rw = 2342, depth_after_post_rw = 138
size_after_post_resub = 2408, depth_after_post_resub = 134
[i] processing multiplier
size_before = 27062, depth_before = 274
size_after = 25087, depth_after = 172
size_after_post_rw = 20367, depth_after_post_rw = 164
size_after_post_resub = 24717, depth_after_post_resub = 176
[i] processing sin
size_before = 5416, depth_before = 225
size_after = 4864, depth_after = 130
size_after_post_rw = 4412, depth_after_post_rw = 130
size_after_post_resub = 4635, depth_after_post_resub = 142
[i] processing sqrt
size_before = 24618, depth_before = 5058
size_after = 22573, depth_after = 4086
size_after_post_rw = 17383, depth_after_post_rw = 3995
size_after_post_resub = 18934, depth_after_post_resub = 4015
[i] processing square
size_before = 18484, depth_before = 250
size_after = 16824, depth_after = 128
size_after_post_rw = 12913, depth_after_post_rw = 130
size_after_post_resub = 15149, depth_after_post_resub = 130
[i] processing arbiter
size_before = 11839, depth_before = 87
size_after = 5511, depth_after = 35
size_after_post_rw = 5291, depth_after_post_rw = 36
size_after_post_resub = 4301, depth_after_post_resub = 23
[i] processing cavlc
size_before = 693, depth_before = 16
size_after = 663, depth_after = 11
size_after_post_rw = 619, depth_after_post_rw = 11
size_after_post_resub = 611, depth_after_post_resub = 11
[i] processing ctrl
size_before = 174, depth_before = 10
size_after = 127, depth_after = 6
size_after_post_rw = 112, depth_after_post_rw = 5
size_after_post_resub = 102, depth_after_post_resub = 7
[i] processing dec
size_before = 304, depth_before = 3
size_after = 304, depth_after = 3
size_after_post_rw = 304, depth_after_post_rw = 3
size_after_post_resub = 304, depth_after_post_resub = 3
[i] processing i2c
size_before = 1342, depth_before = 20
size_after = 1259, depth_after = 11
size_after_post_rw = 1204, depth_after_post_rw = 11
size_after_post_resub = 1187, depth_after_post_resub = 11
[i] processing int2float
size_before = 260, depth_before = 16
size_after = 240, depth_after = 10
size_after_post_rw = 223, depth_after_post_rw = 10
size_after_post_resub = 226, depth_after_post_resub = 10
[i] processing mem_ctrl
size_before = 46836, depth_before = 114
size_after = 44277, depth_after = 95
size_after_post_rw = 41883, depth_after_post_rw = 95
size_after_post_resub = 42434, depth_after_post_resub = 94
[i] processing priority
size_before = 978, depth_before = 250
size_after = 898, depth_after = 155
size_after_post_rw = 835, depth_after_post_rw = 156
size_after_post_resub = 816, depth_after_post_resub = 155
[i] processing router
size_before = 257, depth_before = 54
size_after = 250, depth_after = 32
size_after_post_rw = 239, depth_after_post_rw = 32
size_after_post_resub = 246, depth_after_post_resub = 32
[i] processing voter
size_before = 13758, depth_before = 70
size_after = 7894, depth_after = 57
size_after_post_rw = 6328, depth_after_post_rw = 54
size_after_post_resub = 6937, depth_after_post_resub = 62
[i] dataset [34m##GITHUB##
[0m|  benchmark | size_before | depth_before | size_after | depth_after |  runtime | size_post_rw | depth_post_rw | runtime_post_rw | size_post_resub | depth_post_resub | runtime_post_resub | equivalent |
|      adder |        1020 |          255 |        516 |         130 |    14.81 |          514 |           130 |            0.01 |             515 |              130 |               0.07 |       true |
|        bar |        3336 |           12 |       3141 |          12 |   145.55 |         2981 |            13 |            0.11 |            3007 |               13 |               0.33 |       true |
|        div |       57247 |         4372 |      26225 |        2194 |  3793.41 |        24575 |          2185 |            1.03 |           25955 |             2182 |               6.41 |       true |
|        hyp |      214335 |        24801 |     140037 |        8923 | 32866.56 |       129116 |          8950 |            6.27 |          133608 |            13891 |              50.60 |       true |
|       log2 |       32060 |          444 |      27676 |         243 | 26813.20 |        25282 |           226 |            1.89 |           26461 |              265 |               7.22 |       true |
|        max |        2865 |          287 |       2444 |         133 |   301.18 |         2342 |           138 |            0.09 |            2408 |              134 |               0.39 |       true |
| multiplier |       27062 |          274 |      25087 |         172 |  6457.10 |        20367 |           164 |            1.55 |           24717 |              176 |               5.04 |       true |
|        sin |        5416 |          225 |       4864 |         130 |  5505.53 |         4412 |           130 |            0.29 |            4635 |              142 |               1.11 |       true |
|       sqrt |       24618 |         5058 |      22573 |        4086 |  2817.22 |        17383 |          3995 |            1.70 |           18934 |             4015 |               4.92 |       true |
|     square |       18484 |          250 |      16824 |         128 |  8613.48 |        12913 |           130 |            0.66 |           15149 |              130 |               2.10 |       true |
|    arbiter |       11839 |           87 |       5511 |          35 |   531.93 |         5291 |            36 |            0.18 |            4301 |               23 |               0.84 |       true |
|      cavlc |         693 |           16 |        663 |          11 |   388.06 |          619 |            11 |            0.01 |             611 |               11 |               0.05 |       true |
|       ctrl |         174 |           10 |        127 |           6 |    43.82 |          112 |             5 |            0.00 |             102 |                7 |               0.01 |       true |
|        dec |         304 |            3 |        304 |           3 |    18.36 |          304 |             3 |            0.02 |             304 |                3 |               0.03 |       true |
|        i2c |        1342 |           20 |       1259 |          11 |   716.54 |         1204 |            11 |            0.03 |            1187 |               11 |               0.06 |       true |
|  int2float |         260 |           16 |        240 |          10 |   117.97 |          223 |            10 |            0.00 |             226 |               10 |               0.01 |       true |
|   mem_ctrl |       46836 |          114 |      44277 |          95 | 30917.92 |        41883 |            95 |            1.68 |           42434 |               94 |              10.47 |       true |
|   priority |         978 |          250 |        898 |         155 |   232.53 |          835 |           156 |            0.03 |             816 |              155 |               0.16 |       true |
|     router |         257 |           54 |        250 |          32 |    87.90 |          239 |            32 |            0.02 |             246 |               32 |               0.03 |       true |
|      voter |       13758 |           70 |       7894 |          57 |  2291.27 |         6328 |            54 |            0.52 |            6937 |               62 |               1.39 |       true |
